2014-07-01 17:59:57	CRITICAL	########################## Initiated Logger 'myroot.wrapper_subprocess_snpsnap' instance - 2014-07-01_17.59.57 ##########################
2014-07-01 17:59:57	CRITICAL	Log file can be found at: /cvar/jhlab/snpsnap/data/query/gwascatalog_production_v1/myroot.wrapper_subprocess_snpsnap.log
2014-07-01 17:59:57	INFO	INSTANTIATION NOTE: placeholder
2014-07-01 17:59:57	INFO	processing file #1/#64: Adiponectin_levels
2014-07-01 17:59:57	ERROR	Logging an uncaught exception
Traceback (most recent call last):
  File "./wrapper_subprocess_snpsnap.py", line 93, in <module>
    processes = submit()
  File "./wrapper_subprocess_snpsnap.py", line 42, in submit
    HelperUtils.mkdirs(output_dir)
NameError: global name 'HelperUtils' is not defined
2014-07-01 18:00:24	CRITICAL	########################## Initiated Logger 'myroot.wrapper_subprocess_snpsnap' instance - 2014-07-01_18.00.24 ##########################
2014-07-01 18:00:24	CRITICAL	Log file can be found at: /cvar/jhlab/snpsnap/data/query/gwascatalog_production_v1/myroot.wrapper_subprocess_snpsnap.log
2014-07-01 18:00:24	INFO	INSTANTIATION NOTE: placeholder
2014-07-01 18:00:24	INFO	processing file #1/#64: Adiponectin_levels
2014-07-01 18:00:24	INFO	processing file #2/#64: Age-related_macular_degeneration
2014-07-01 18:00:24	INFO	processing file #3/#64: Alzheimers_disease
2014-07-01 18:00:24	INFO	processing file #4/#64: Asthma
2014-07-01 18:00:24	INFO	processing file #5/#64: Blood_pressure
2014-07-01 18:00:24	INFO	processing file #6/#64: Body_mass_index
2014-07-01 18:00:24	INFO	processing file #7/#64: Bone_mineral_density
2014-07-01 18:00:24	INFO	processing file #8/#64: Bone_mineral_density_spine
2014-07-01 18:00:24	INFO	processing file #9/#64: Breast_cancer
2014-07-01 18:00:24	INFO	processing file #10/#64: C-reactive_protein
2014-07-01 18:00:24	INFO	processing file #11/#64: Celiac_disease
2014-07-01 18:00:24	INFO	processing file #12/#64: Cholesterol,_total
2014-07-01 18:00:24	INFO	processing file #13/#64: Chronic_kidney_disease
2014-07-01 18:00:24	INFO	processing file #14/#64: Chronic_lymphocytic_leukemia
2014-07-01 18:00:24	INFO	processing file #15/#64: Colorectal_cancer
2014-07-01 18:00:24	INFO	processing file #16/#64: Corneal_structure
2014-07-01 18:00:24	INFO	processing file #17/#64: Coronary_heart_disease
2014-07-01 18:00:24	INFO	processing file #18/#64: Crohns_disease
2014-07-01 18:00:24	INFO	processing file #19/#64: Diastolic_blood_pressure
2014-07-01 18:00:24	INFO	processing file #20/#64: End-stage_coagulation
2014-07-01 18:00:24	INFO	processing file #21/#64: F-cell_distribution
2014-07-01 18:00:24	INFO	processing file #22/#64: Fasting_glucose-related_traits_interaction_with_BMI
2014-07-01 18:00:24	INFO	processing file #23/#64: Graves_disease
2014-07-01 18:00:24	INFO	processing file #24/#64: HDL_cholesterol
2014-07-01 18:00:24	INFO	processing file #25/#64: Heart_rate
2014-07-01 18:00:24	INFO	processing file #26/#64: Height
2014-07-01 18:00:24	INFO	processing file #27/#64: Hematological_and_biochemical_traits
2014-07-01 18:00:24	INFO	processing file #28/#64: Hypertension
2014-07-01 18:00:24	INFO	processing file #29/#64: Inflammatory_bowel_disease
2014-07-01 18:00:24	INFO	processing file #30/#64: LDL_cholesterol
2014-07-01 18:00:24	INFO	processing file #31/#64: Lipid_metabolism_phenotypes
2014-07-01 18:00:24	INFO	processing file #32/#64: Liver_enzyme_levels_gamma-glutamyl_transferase
2014-07-01 18:00:24	INFO	processing file #33/#64: Mean_corpuscular_hemoglobin
2014-07-01 18:00:24	INFO	processing file #34/#64: Mean_corpuscular_volume
2014-07-01 18:00:24	INFO	processing file #35/#64: Mean_platelet_volume
2014-07-01 18:00:24	INFO	processing file #36/#64: Menarche_age_at_onset
2014-07-01 18:00:24	INFO	processing file #37/#64: Menopause_age_at_onset
2014-07-01 18:00:24	INFO	processing file #38/#64: Metabolic_syndrome
2014-07-01 18:00:24	INFO	processing file #39/#64: Metabolic_traits
2014-07-01 18:00:24	INFO	processing file #40/#64: Metabolite_levels
2014-07-01 18:00:24	INFO	processing file #41/#64: Multiple_sclerosis
2014-07-01 18:00:24	INFO	processing file #42/#64: Myopia_pathological
2014-07-01 18:00:24	INFO	processing file #43/#64: Obesity
2014-07-01 18:00:24	INFO	processing file #44/#64: Parkinsons_disease
2014-07-01 18:00:24	INFO	processing file #45/#64: Phospholipid_levels_plasma
2014-07-01 18:00:24	INFO	processing file #46/#64: Platelet_counts
2014-07-01 18:00:24	INFO	processing file #47/#64: Primary_biliary_cirrhosis
2014-07-01 18:00:24	INFO	processing file #48/#64: Prostate_cancer
2014-07-01 18:00:24	INFO	processing file #49/#64: Psoriasis
2014-07-01 18:00:24	INFO	processing file #50/#64: Pulmonary_function
2014-07-01 18:00:24	INFO	processing file #51/#64: QT_interval
2014-07-01 18:00:24	INFO	processing file #52/#64: Red_blood_cell_traits
2014-07-01 18:00:24	INFO	processing file #53/#64: Refractive_error
2014-07-01 18:00:24	INFO	processing file #54/#64: Rheumatoid_arthritis
2014-07-01 18:00:24	INFO	processing file #55/#64: Schizophrenia
2014-07-01 18:00:24	INFO	processing file #56/#64: Systemic_lupus_erythematosus
2014-07-01 18:00:24	INFO	processing file #57/#64: Systolic_blood_pressure
2014-07-01 18:00:24	INFO	processing file #58/#64: Triglycerides
2014-07-01 18:00:24	INFO	processing file #59/#64: Type_1_diabetes
2014-07-01 18:00:24	INFO	processing file #60/#64: Type_2_diabetes
2014-07-01 18:00:24	INFO	processing file #61/#64: Ulcerative_colitis
2014-07-01 18:00:24	INFO	processing file #62/#64: Urate_levels
2014-07-01 18:00:24	INFO	processing file #63/#64: Ventricular_conduction
2014-07-01 18:00:24	INFO	processing file #64/#64: Vitiligo
2014-07-01 18:00:24	INFO	[PID:24295|jobname:Adiponectin_levels]	communicating with process. Then reading lines...
2014-07-01 21:04:43	INFO	[PID:24295|jobname:Adiponectin_levels]	Read 329 lines...
2014-07-01 21:04:43	INFO	Adiponectin_levels	24	25
2014-07-01 21:04:43	INFO	Adiponectin_levels	very poor	45.8333333333	11	24	ok	39.03	3903.0	10000
2014-07-01 21:04:43	INFO	[PID:24296|jobname:Age-related_macular_degeneration]	communicating with process. Then reading lines...
2014-07-01 21:49:09	INFO	[PID:24296|jobname:Age-related_macular_degeneration]	Read 454 lines...
2014-07-01 21:49:09	INFO	Age-related_macular_degeneration	35	35
2014-07-01 21:49:09	INFO	Age-related_macular_degeneration	very poor	31.4285714286	11	35	good	62.49	6249.0	10000
2014-07-01 21:49:09	INFO	[PID:24297|jobname:Alzheimers_disease]	communicating with process. Then reading lines...
2014-07-01 21:49:09	INFO	[PID:24297|jobname:Alzheimers_disease]	Read 285 lines...
2014-07-01 21:49:09	INFO	Alzheimers_disease	21	21
2014-07-01 21:49:09	INFO	Alzheimers_disease	very poor	28.5714285714	6	21	good	70.845	7084.5	10000
2014-07-01 21:49:09	INFO	[PID:24298|jobname:Asthma]	communicating with process. Then reading lines...
2014-07-01 21:49:09	INFO	[PID:24298|jobname:Asthma]	Read 294 lines...
2014-07-01 21:49:09	INFO	Asthma	22	23
2014-07-01 21:49:09	INFO	Asthma	ok	9.09090909091	2	22	poor	15.2	1520.0	10000
2014-07-01 21:49:09	INFO	[PID:24299|jobname:Blood_pressure]	communicating with process. Then reading lines...
2014-07-01 21:49:09	INFO	[PID:24299|jobname:Blood_pressure]	Read 436 lines...
2014-07-01 21:49:09	INFO	Blood_pressure	34	35
2014-07-01 21:49:09	INFO	Blood_pressure	poor	14.7058823529	5	34	ok	32.86	3286.0	10000
2014-07-01 21:49:09	INFO	[PID:24300|jobname:Body_mass_index]	communicating with process. Then reading lines...
2014-07-01 23:04:46	INFO	[PID:24300|jobname:Body_mass_index]	Read 890 lines...
2014-07-01 23:04:46	INFO	Body_mass_index	74	74
2014-07-01 23:04:46	INFO	Body_mass_index	poor	13.5135135135	10	74	good	64.335	6433.5	10000
2014-07-01 23:04:46	INFO	[PID:24301|jobname:Bone_mineral_density]	communicating with process. Then reading lines...
2014-07-01 23:04:46	INFO	[PID:24301|jobname:Bone_mineral_density]	Read 835 lines...
2014-07-01 23:04:46	INFO	Bone_mineral_density	69	69
2014-07-01 23:04:46	INFO	Bone_mineral_density	poor	20.2898550725	14	69	ok	34.79	3479.0	10000
2014-07-01 23:04:46	INFO	[PID:24302|jobname:Bone_mineral_density_spine]	communicating with process. Then reading lines...
2014-07-01 23:04:46	INFO	[PID:24302|jobname:Bone_mineral_density_spine]	Read 265 lines...
2014-07-01 23:04:46	INFO	Bone_mineral_density_spine	20	20
2014-07-01 23:04:46	INFO	Bone_mineral_density_spine	ok	10.0	2	20	poor	21.415	2141.5	10000
2014-07-01 23:04:46	INFO	[PID:24303|jobname:Breast_cancer]	communicating with process. Then reading lines...
2014-07-01 23:11:07	INFO	[PID:24303|jobname:Breast_cancer]	Read 926 lines...
2014-07-01 23:11:07	INFO	Breast_cancer	77	78
2014-07-01 23:11:07	INFO	Breast_cancer	poor	12.987012987	10	77	ok	31.835	3183.5	10000
2014-07-01 23:11:07	INFO	[PID:24304|jobname:C-reactive_protein]	communicating with process. Then reading lines...
2014-07-01 23:11:07	INFO	[PID:24304|jobname:C-reactive_protein]	Read 502 lines...
2014-07-01 23:11:07	INFO	C-reactive_protein	40	41
2014-07-01 23:11:07	INFO	C-reactive_protein	poor	22.5	9	40	ok	43.38	4338.0	10000
2014-07-01 23:11:07	INFO	[PID:24305|jobname:Celiac_disease]	communicating with process. Then reading lines...
2014-07-01 23:11:07	INFO	[PID:24305|jobname:Celiac_disease]	Read 333 lines...
2014-07-01 23:11:07	INFO	Celiac_disease	26	26
2014-07-01 23:11:07	INFO	Celiac_disease	poor	15.3846153846	4	26	ok	43.04	4304.0	10000
2014-07-01 23:11:07	INFO	[PID:24306|jobname:Cholesterol,_total]	communicating with process. Then reading lines...
2014-07-01 23:11:07	INFO	[PID:24306|jobname:Cholesterol,_total]	Read 755 lines...
2014-07-01 23:11:07	INFO	Cholesterol,_total	60	61
2014-07-01 23:11:07	INFO	Cholesterol,_total	very poor	30.0	18	60	ok	40.945	4094.5	10000
2014-07-01 23:11:07	INFO	[PID:24307|jobname:Chronic_kidney_disease]	communicating with process. Then reading lines...
2014-07-01 23:11:07	INFO	[PID:24307|jobname:Chronic_kidney_disease]	Read 330 lines...
2014-07-01 23:11:07	INFO	Chronic_kidney_disease	25	25
2014-07-01 23:11:07	INFO	Chronic_kidney_disease	poor	24.0	6	25	poor	17.95	1795.0	10000
2014-07-01 23:11:07	INFO	[PID:24308|jobname:Chronic_lymphocytic_leukemia]	communicating with process. Then reading lines...
2014-07-01 23:11:07	INFO	[PID:24308|jobname:Chronic_lymphocytic_leukemia]	Read 355 lines...
2014-07-01 23:11:07	INFO	Chronic_lymphocytic_leukemia	27	27
2014-07-01 23:11:07	INFO	Chronic_lymphocytic_leukemia	poor	22.2222222222	6	27	good	65.53	6553.0	10000
2014-07-01 23:11:07	INFO	[PID:24309|jobname:Colorectal_cancer]	communicating with process. Then reading lines...
2014-07-01 23:11:07	INFO	[PID:24309|jobname:Colorectal_cancer]	Read 303 lines...
2014-07-01 23:11:07	INFO	Colorectal_cancer	23	23
2014-07-01 23:11:07	INFO	Colorectal_cancer	poor	17.3913043478	4	23	good	68.72	6872.0	10000
2014-07-01 23:11:07	INFO	[PID:24310|jobname:Corneal_structure]	communicating with process. Then reading lines...
2014-07-01 23:11:07	INFO	[PID:24310|jobname:Corneal_structure]	Read 348 lines...
2014-07-01 23:11:07	INFO	Corneal_structure	27	27
2014-07-01 23:11:07	INFO	Corneal_structure	poor	22.2222222222	6	27	ok	38.895	3889.5	10000
2014-07-01 23:11:07	INFO	[PID:24311|jobname:Coronary_heart_disease]	communicating with process. Then reading lines...
2014-07-01 23:11:07	INFO	[PID:24311|jobname:Coronary_heart_disease]	Read 709 lines...
2014-07-01 23:11:07	INFO	Coronary_heart_disease	58	62
2014-07-01 23:11:07	INFO	Coronary_heart_disease	poor	15.5172413793	9	58	good	63.04	6304.0	10000
2014-07-01 23:11:07	INFO	[PID:24312|jobname:Crohns_disease]	communicating with process. Then reading lines...
2014-07-02 00:27:51	INFO	[PID:24312|jobname:Crohns_disease]	Read 1697 lines...
2014-07-02 00:27:51	INFO	Crohns_disease	141	142
2014-07-02 00:27:51	INFO	Crohns_disease	very poor	27.6595744681	39	141	ok	34.63	3463.0	10000
2014-07-02 00:27:51	INFO	[PID:24313|jobname:Diastolic_blood_pressure]	communicating with process. Then reading lines...
2014-07-02 00:27:51	INFO	[PID:24313|jobname:Diastolic_blood_pressure]	Read 334 lines...
2014-07-02 00:27:51	INFO	Diastolic_blood_pressure	25	25
2014-07-02 00:27:51	INFO	Diastolic_blood_pressure	very poor	32.0	8	25	poor	27.765	2776.5	10000
2014-07-02 00:27:51	INFO	[PID:24314|jobname:End-stage_coagulation]	communicating with process. Then reading lines...
2014-07-02 00:27:51	INFO	[PID:24314|jobname:End-stage_coagulation]	Read 308 lines...
2014-07-02 00:27:51	INFO	End-stage_coagulation	23	23
2014-07-02 00:27:51	INFO	End-stage_coagulation	very poor	26.0869565217	6	23	good	72.02	7202.0	10000
2014-07-02 00:27:51	INFO	[PID:24315|jobname:F-cell_distribution]	communicating with process. Then reading lines...
2014-07-02 00:27:51	INFO	[PID:24315|jobname:F-cell_distribution]	Read 288 lines...
2014-07-02 00:27:51	INFO	F-cell_distribution	21	21
2014-07-02 00:27:51	INFO	F-cell_distribution	very poor	33.3333333333	7	21	poor	25.75	2575.0	10000
2014-07-02 00:27:51	INFO	[PID:24316|jobname:Fasting_glucose-related_traits_interaction_with_BMI]	communicating with process. Then reading lines...
2014-07-02 00:27:51	INFO	[PID:24316|jobname:Fasting_glucose-related_traits_interaction_with_BMI]	Read 299 lines...
2014-07-02 00:27:51	INFO	Fasting_glucose-related_traits_interaction_with_BMI	22	22
2014-07-02 00:27:51	INFO	Fasting_glucose-related_traits_interaction_with_BMI	very poor	31.8181818182	7	22	poor	25.41	2541.0	10000
2014-07-02 00:27:51	INFO	[PID:24317|jobname:Graves_disease]	communicating with process. Then reading lines...
2014-07-02 00:27:51	INFO	[PID:24317|jobname:Graves_disease]	Read 165 lines...
2014-07-02 00:27:51	INFO	Graves_disease	11	11
2014-07-02 00:27:51	INFO	Graves_disease	very poor	27.2727272727	3	11	ok	40.29	4029.0	10000
2014-07-02 00:27:51	INFO	[PID:24318|jobname:HDL_cholesterol]	communicating with process. Then reading lines...
2014-07-02 00:38:35	INFO	[PID:24318|jobname:HDL_cholesterol]	Read 1085 lines...
2014-07-02 00:38:35	INFO	HDL_cholesterol	91	95
2014-07-02 00:38:35	INFO	HDL_cholesterol	poor	16.4835164835	15	91	ok	48.66	4866.0	10000
2014-07-02 00:38:35	INFO	[PID:24319|jobname:Heart_rate]	communicating with process. Then reading lines...
2014-07-02 00:38:35	INFO	[PID:24319|jobname:Heart_rate]	Read 313 lines...
2014-07-02 00:38:35	INFO	Heart_rate	23	24
2014-07-02 00:38:35	INFO	Heart_rate	very poor	30.4347826087	7	23	good	63.77	6377.0	10000
2014-07-02 00:38:35	INFO	[PID:24320|jobname:Height]	communicating with process. Then reading lines...
2014-07-02 05:41:05	INFO	[PID:24320|jobname:Height]	Read 3811 lines...
2014-07-02 05:41:05	INFO	Height	325	329
2014-07-02 05:41:05	INFO	Height	poor	19.3846153846	63	325	ok	42.08	4208.0	10000
2014-07-02 05:41:05	INFO	[PID:24321|jobname:Hematological_and_biochemical_traits]	communicating with process. Then reading lines...
2014-07-02 05:41:05	INFO	[PID:24321|jobname:Hematological_and_biochemical_traits]	Read 247 lines...
2014-07-02 05:41:05	INFO	Hematological_and_biochemical_traits	18	20
2014-07-02 05:41:05	INFO	Hematological_and_biochemical_traits	very poor	27.7777777778	5	18	poor	27.5	2750.0	10000
2014-07-02 05:41:05	INFO	[PID:24322|jobname:Hypertension]	communicating with process. Then reading lines...
2014-07-02 05:41:05	INFO	[PID:24322|jobname:Hypertension]	Read 269 lines...
2014-07-02 05:41:05	INFO	Hypertension	20	20
2014-07-02 05:41:05	INFO	Hypertension	very poor	30.0	6	20	ok	45.225	4522.5	10000
2014-07-02 05:41:05	INFO	[PID:24323|jobname:Inflammatory_bowel_disease]	communicating with process. Then reading lines...
2014-07-02 06:28:13	INFO	[PID:24323|jobname:Inflammatory_bowel_disease]	Read 1425 lines...
2014-07-02 06:28:13	INFO	Inflammatory_bowel_disease	117	117
2014-07-02 06:28:13	INFO	Inflammatory_bowel_disease	very poor	33.3333333333	39	117	ok	49.37	4937.0	10000
2014-07-02 06:28:13	INFO	[PID:24324|jobname:LDL_cholesterol]	communicating with process. Then reading lines...
2014-07-02 06:28:13	INFO	[PID:24324|jobname:LDL_cholesterol]	Read 822 lines...
2014-07-02 06:28:13	INFO	LDL_cholesterol	66	68
2014-07-02 06:28:13	INFO	LDL_cholesterol	poor	24.2424242424	16	66	ok	40.945	4094.5	10000
2014-07-02 06:28:13	INFO	[PID:24325|jobname:Lipid_metabolism_phenotypes]	communicating with process. Then reading lines...
2014-07-02 06:28:13	INFO	[PID:24325|jobname:Lipid_metabolism_phenotypes]	Read 494 lines...
2014-07-02 06:28:13	INFO	Lipid_metabolism_phenotypes	39	39
2014-07-02 06:28:13	INFO	Lipid_metabolism_phenotypes	poor	23.0769230769	9	39	ok	30.31	3031.0	10000
2014-07-02 06:28:13	INFO	[PID:24326|jobname:Liver_enzyme_levels_gamma-glutamyl_transferase]	communicating with process. Then reading lines...
2014-07-02 06:28:13	INFO	[PID:24326|jobname:Liver_enzyme_levels_gamma-glutamyl_transferase]	Read 340 lines...
2014-07-02 06:28:13	INFO	Liver_enzyme_levels_gamma-glutamyl_transferase	26	26
2014-07-02 06:28:13	INFO	Liver_enzyme_levels_gamma-glutamyl_transferase	poor	19.2307692308	5	26	ok	32.18	3218.0	10000
2014-07-02 06:28:13	INFO	[PID:24327|jobname:Mean_corpuscular_hemoglobin]	communicating with process. Then reading lines...
2014-07-02 06:28:13	INFO	[PID:24327|jobname:Mean_corpuscular_hemoglobin]	Read 362 lines...
2014-07-02 06:28:13	INFO	Mean_corpuscular_hemoglobin	27	28
2014-07-02 06:28:13	INFO	Mean_corpuscular_hemoglobin	very poor	33.3333333333	9	27	good	51.77	5177.0	10000
2014-07-02 06:28:13	INFO	[PID:24328|jobname:Mean_corpuscular_volume]	communicating with process. Then reading lines...
2014-07-02 06:28:13	INFO	[PID:24328|jobname:Mean_corpuscular_volume]	Read 440 lines...
2014-07-02 06:28:13	INFO	Mean_corpuscular_volume	34	35
2014-07-02 06:28:13	INFO	Mean_corpuscular_volume	very poor	26.4705882353	9	34	good	70.39	7039.0	10000
2014-07-02 06:28:13	INFO	[PID:24329|jobname:Mean_platelet_volume]	communicating with process. Then reading lines...
2014-07-02 06:28:13	INFO	[PID:24329|jobname:Mean_platelet_volume]	Read 596 lines...
2014-07-02 06:28:13	INFO	Mean_platelet_volume	47	47
2014-07-02 06:28:13	INFO	Mean_platelet_volume	very poor	25.5319148936	12	47	ok	36.87	3687.0	10000
2014-07-02 06:28:13	INFO	[PID:24330|jobname:Menarche_age_at_onset]	communicating with process. Then reading lines...
2014-07-02 06:28:13	INFO	[PID:24330|jobname:Menarche_age_at_onset]	Read 462 lines...
2014-07-02 06:28:13	INFO	Menarche_age_at_onset	36	36
2014-07-02 06:28:13	INFO	Menarche_age_at_onset	poor	25.0	9	36	good	50.2	5020.0	10000
2014-07-02 06:28:13	INFO	[PID:24331|jobname:Menopause_age_at_onset]	communicating with process. Then reading lines...
2014-07-02 06:28:13	INFO	[PID:24331|jobname:Menopause_age_at_onset]	Read 263 lines...
2014-07-02 06:28:13	INFO	Menopause_age_at_onset	19	19
2014-07-02 06:28:13	INFO	Menopause_age_at_onset	very poor	31.5789473684	6	19	ok	44.755	4475.5	10000
2014-07-02 06:28:13	INFO	[PID:24332|jobname:Metabolic_syndrome]	communicating with process. Then reading lines...
2014-07-02 06:28:13	INFO	[PID:24332|jobname:Metabolic_syndrome]	Read 358 lines...
2014-07-02 06:28:13	INFO	Metabolic_syndrome	27	28
2014-07-02 06:28:13	INFO	Metabolic_syndrome	very poor	29.6296296296	8	27	good	56.255	5625.5	10000
2014-07-02 06:28:13	INFO	[PID:24333|jobname:Metabolic_traits]	communicating with process. Then reading lines...
2014-07-02 06:28:13	INFO	[PID:24333|jobname:Metabolic_traits]	Read 544 lines...
2014-07-02 06:28:13	INFO	Metabolic_traits	43	43
2014-07-02 06:28:13	INFO	Metabolic_traits	poor	20.9302325581	9	43	poor	29.87	2987.0	10000
2014-07-02 06:28:13	INFO	[PID:24334|jobname:Metabolite_levels]	communicating with process. Then reading lines...
2014-07-02 06:28:14	INFO	[PID:24334|jobname:Metabolite_levels]	Read 971 lines...
2014-07-02 06:28:14	INFO	Metabolite_levels	79	83
2014-07-02 06:28:14	INFO	Metabolite_levels	very poor	26.582278481	21	79	good	60.9	6090.0	10000
2014-07-02 06:28:14	INFO	[PID:24335|jobname:Multiple_sclerosis]	communicating with process. Then reading lines...
2014-07-02 06:28:14	INFO	[PID:24335|jobname:Multiple_sclerosis]	Read 792 lines...
2014-07-02 06:28:14	INFO	Multiple_sclerosis	64	64
2014-07-02 06:28:14	INFO	Multiple_sclerosis	poor	25.0	16	64	poor	24.87	2487.0	10000
2014-07-02 06:28:14	INFO	[PID:24336|jobname:Myopia_pathological]	communicating with process. Then reading lines...
2014-07-02 06:28:14	INFO	[PID:24336|jobname:Myopia_pathological]	Read 477 lines...
2014-07-02 06:28:14	INFO	Myopia_pathological	39	39
2014-07-02 06:28:14	INFO	Myopia_pathological	poor	12.8205128205	5	39	ok	46.13	4613.0	10000
2014-07-02 06:28:14	INFO	[PID:24337|jobname:Obesity]	communicating with process. Then reading lines...
2014-07-02 06:28:14	INFO	[PID:24337|jobname:Obesity]	Read 711 lines...
2014-07-02 06:28:14	INFO	Obesity	58	58
2014-07-02 06:28:14	INFO	Obesity	poor	15.5172413793	9	58	ok	38.42	3842.0	10000
2014-07-02 06:28:14	INFO	[PID:24338|jobname:Parkinsons_disease]	communicating with process. Then reading lines...
2014-07-02 06:28:14	INFO	[PID:24338|jobname:Parkinsons_disease]	Read 305 lines...
2014-07-02 06:28:14	INFO	Parkinsons_disease	23	25
2014-07-02 06:28:14	INFO	Parkinsons_disease	very poor	26.0869565217	6	23	very poor	3.895	389.5	10000
2014-07-02 06:28:14	INFO	[PID:24339|jobname:Phospholipid_levels_plasma]	communicating with process. Then reading lines...
2014-07-02 06:28:14	INFO	[PID:24339|jobname:Phospholipid_levels_plasma]	Read 562 lines...
2014-07-02 06:28:14	INFO	Phospholipid_levels_plasma	45	46
2014-07-02 06:28:14	INFO	Phospholipid_levels_plasma	poor	20.0	9	45	poor	25.23	2523.0	10000
2014-07-02 06:28:14	INFO	[PID:24340|jobname:Platelet_counts]	communicating with process. Then reading lines...
2014-07-02 06:28:14	INFO	[PID:24340|jobname:Platelet_counts]	Read 767 lines...
2014-07-02 06:28:14	INFO	Platelet_counts	61	61
2014-07-02 06:28:14	INFO	Platelet_counts	very poor	37.7049180328	23	61	poor	29.86	2986.0	10000
2014-07-02 06:28:14	INFO	[PID:24341|jobname:Primary_biliary_cirrhosis]	communicating with process. Then reading lines...
2014-07-02 06:28:14	INFO	[PID:24341|jobname:Primary_biliary_cirrhosis]	Read 305 lines...
2014-07-02 06:28:14	INFO	Primary_biliary_cirrhosis	23	24
2014-07-02 06:28:14	INFO	Primary_biliary_cirrhosis	poor	17.3913043478	4	23	ok	40.14	4014.0	10000
2014-07-02 06:28:14	INFO	[PID:24342|jobname:Prostate_cancer]	communicating with process. Then reading lines...
2014-07-02 06:28:14	INFO	[PID:24342|jobname:Prostate_cancer]	Read 924 lines...
2014-07-02 06:28:14	INFO	Prostate_cancer	76	77
2014-07-02 06:28:14	INFO	Prostate_cancer	very poor	26.3157894737	20	76	ok	40.19	4019.0	10000
2014-07-02 06:28:14	INFO	[PID:24343|jobname:Psoriasis]	communicating with process. Then reading lines...
2014-07-02 06:28:14	INFO	[PID:24343|jobname:Psoriasis]	Read 327 lines...
2014-07-02 06:28:14	INFO	Psoriasis	24	24
2014-07-02 06:28:14	INFO	Psoriasis	very poor	41.6666666667	10	24	good	60.44	6044.0	10000
2014-07-02 06:28:14	INFO	[PID:24344|jobname:Pulmonary_function]	communicating with process. Then reading lines...
2014-07-02 06:28:14	INFO	[PID:24344|jobname:Pulmonary_function]	Read 313 lines...
2014-07-02 06:28:14	INFO	Pulmonary_function	24	24
2014-07-02 06:28:14	INFO	Pulmonary_function	poor	16.6666666667	4	24	very poor	14.905	1490.5	10000
2014-07-02 06:28:14	INFO	[PID:24345|jobname:QT_interval]	communicating with process. Then reading lines...
2014-07-02 06:28:14	INFO	[PID:24345|jobname:QT_interval]	Read 367 lines...
2014-07-02 06:28:14	INFO	QT_interval	29	29
2014-07-02 06:28:14	INFO	QT_interval	poor	20.6896551724	6	29	good	54.36	5436.0	10000
2014-07-02 06:28:14	INFO	[PID:24346|jobname:Red_blood_cell_traits]	communicating with process. Then reading lines...
2014-07-02 06:28:14	INFO	[PID:24346|jobname:Red_blood_cell_traits]	Read 655 lines...
2014-07-02 06:28:14	INFO	Red_blood_cell_traits	52	56
2014-07-02 06:28:14	INFO	Red_blood_cell_traits	very poor	26.9230769231	14	52	ok	45.725	4572.5	10000
2014-07-02 06:28:14	INFO	[PID:24347|jobname:Refractive_error]	communicating with process. Then reading lines...
2014-07-02 06:28:14	INFO	[PID:24347|jobname:Refractive_error]	Read 349 lines...
2014-07-02 06:28:14	INFO	Refractive_error	27	27
2014-07-02 06:28:14	INFO	Refractive_error	poor	22.2222222222	6	27	poor	28.545	2854.5	10000
2014-07-02 06:28:14	INFO	[PID:24348|jobname:Rheumatoid_arthritis]	communicating with process. Then reading lines...
2014-07-02 06:28:14	INFO	[PID:24348|jobname:Rheumatoid_arthritis]	Read 462 lines...
2014-07-02 06:28:14	INFO	Rheumatoid_arthritis	36	36
2014-07-02 06:28:14	INFO	Rheumatoid_arthritis	very poor	27.7777777778	10	36	ok	44.385	4438.5	10000
2014-07-02 06:28:14	INFO	[PID:24349|jobname:Schizophrenia]	communicating with process. Then reading lines...
2014-07-02 06:28:14	INFO	[PID:24349|jobname:Schizophrenia]	Read 268 lines...
2014-07-02 06:28:14	INFO	Schizophrenia	19	20
2014-07-02 06:28:14	INFO	Schizophrenia	very poor	36.8421052632	7	19	ok	45.61	4561.0	10000
2014-07-02 06:28:14	INFO	[PID:24350|jobname:Systemic_lupus_erythematosus]	communicating with process. Then reading lines...
2014-07-02 06:28:14	INFO	[PID:24350|jobname:Systemic_lupus_erythematosus]	Read 563 lines...
2014-07-02 06:28:14	INFO	Systemic_lupus_erythematosus	45	47
2014-07-02 06:28:14	INFO	Systemic_lupus_erythematosus	poor	22.2222222222	10	45	good	63.445	6344.5	10000
2014-07-02 06:28:14	INFO	[PID:24351|jobname:Systolic_blood_pressure]	communicating with process. Then reading lines...
2014-07-02 06:28:14	INFO	[PID:24351|jobname:Systolic_blood_pressure]	Read 309 lines...
2014-07-02 06:28:14	INFO	Systolic_blood_pressure	23	23
2014-07-02 06:28:14	INFO	Systolic_blood_pressure	very poor	26.0869565217	6	23	ok	38.3	3830.0	10000
2014-07-02 06:28:14	INFO	[PID:24352|jobname:Triglycerides]	communicating with process. Then reading lines...
2014-07-02 06:28:14	INFO	[PID:24352|jobname:Triglycerides]	Read 877 lines...
2014-07-02 06:28:14	INFO	Triglycerides	71	72
2014-07-02 06:28:14	INFO	Triglycerides	very poor	25.3521126761	18	71	poor	23.465	2346.5	10000
2014-07-02 06:28:14	INFO	[PID:24353|jobname:Type_1_diabetes]	communicating with process. Then reading lines...
2014-07-02 06:28:14	INFO	[PID:24353|jobname:Type_1_diabetes]	Read 617 lines...
2014-07-02 06:28:14	INFO	Type_1_diabetes	49	49
2014-07-02 06:28:14	INFO	Type_1_diabetes	very poor	32.6530612245	16	49	good	67.48	6748.0	10000
2014-07-02 06:28:14	INFO	[PID:24354|jobname:Type_2_diabetes]	communicating with process. Then reading lines...
2014-07-02 06:28:14	INFO	[PID:24354|jobname:Type_2_diabetes]	Read 940 lines...
2014-07-02 06:28:14	INFO	Type_2_diabetes	78	80
2014-07-02 06:28:14	INFO	Type_2_diabetes	poor	16.6666666667	13	78	good	61.38	6138.0	10000
2014-07-02 06:28:14	INFO	[PID:24355|jobname:Ulcerative_colitis]	communicating with process. Then reading lines...
2014-07-02 06:28:14	INFO	[PID:24355|jobname:Ulcerative_colitis]	Read 916 lines...
2014-07-02 06:28:14	INFO	Ulcerative_colitis	74	75
2014-07-02 06:28:14	INFO	Ulcerative_colitis	very poor	35.1351351351	26	74	ok	46.44	4644.0	10000
2014-07-02 06:28:14	INFO	[PID:24356|jobname:Urate_levels]	communicating with process. Then reading lines...
2014-07-02 06:28:14	INFO	[PID:24356|jobname:Urate_levels]	Read 580 lines...
2014-07-02 06:28:14	INFO	Urate_levels	46	47
2014-07-02 06:28:14	INFO	Urate_levels	very poor	26.0869565217	12	46	poor	27.77	2777.0	10000
2014-07-02 06:28:14	INFO	[PID:24357|jobname:Ventricular_conduction]	communicating with process. Then reading lines...
2014-07-02 06:28:14	INFO	[PID:24357|jobname:Ventricular_conduction]	Read 302 lines...
2014-07-02 06:28:14	INFO	Ventricular_conduction	23	23
2014-07-02 06:28:14	INFO	Ventricular_conduction	poor	13.0434782609	3	23	good	70.17	7017.0	10000
2014-07-02 06:28:14	INFO	[PID:24358|jobname:Vitiligo]	communicating with process. Then reading lines...
2014-07-02 06:28:14	INFO	[PID:24358|jobname:Vitiligo]	Read 335 lines...
2014-07-02 06:28:14	INFO	Vitiligo	25	25
2014-07-02 06:28:14	INFO	Vitiligo	very poor	36.0	9	25	poor	27.71	2771.0	10000
2014-07-02 06:28:14	INFO	[PID:24295|jobname:Adiponectin_levels]	returncode-code OK: 0
2014-07-02 06:28:14	INFO	[PID:24296|jobname:Age-related_macular_degeneration]	returncode-code OK: 0
2014-07-02 06:28:14	INFO	[PID:24297|jobname:Alzheimers_disease]	returncode-code OK: 0
2014-07-02 06:28:14	INFO	[PID:24298|jobname:Asthma]	returncode-code OK: 0
2014-07-02 06:28:14	INFO	[PID:24299|jobname:Blood_pressure]	returncode-code OK: 0
2014-07-02 06:28:14	INFO	[PID:24300|jobname:Body_mass_index]	returncode-code OK: 0
2014-07-02 06:28:14	INFO	[PID:24301|jobname:Bone_mineral_density]	returncode-code OK: 0
2014-07-02 06:28:14	INFO	[PID:24302|jobname:Bone_mineral_density_spine]	returncode-code OK: 0
2014-07-02 06:28:14	INFO	[PID:24303|jobname:Breast_cancer]	returncode-code OK: 0
2014-07-02 06:28:14	INFO	[PID:24304|jobname:C-reactive_protein]	returncode-code OK: 0
2014-07-02 06:28:14	INFO	[PID:24305|jobname:Celiac_disease]	returncode-code OK: 0
2014-07-02 06:28:14	INFO	[PID:24306|jobname:Cholesterol,_total]	returncode-code OK: 0
2014-07-02 06:28:14	INFO	[PID:24307|jobname:Chronic_kidney_disease]	returncode-code OK: 0
2014-07-02 06:28:14	INFO	[PID:24308|jobname:Chronic_lymphocytic_leukemia]	returncode-code OK: 0
2014-07-02 06:28:14	INFO	[PID:24309|jobname:Colorectal_cancer]	returncode-code OK: 0
2014-07-02 06:28:14	INFO	[PID:24310|jobname:Corneal_structure]	returncode-code OK: 0
2014-07-02 06:28:14	INFO	[PID:24311|jobname:Coronary_heart_disease]	returncode-code OK: 0
2014-07-02 06:28:14	INFO	[PID:24312|jobname:Crohns_disease]	returncode-code OK: 0
2014-07-02 06:28:14	INFO	[PID:24313|jobname:Diastolic_blood_pressure]	returncode-code OK: 0
2014-07-02 06:28:14	INFO	[PID:24314|jobname:End-stage_coagulation]	returncode-code OK: 0
2014-07-02 06:28:14	INFO	[PID:24315|jobname:F-cell_distribution]	returncode-code OK: 0
2014-07-02 06:28:14	INFO	[PID:24316|jobname:Fasting_glucose-related_traits_interaction_with_BMI]	returncode-code OK: 0
2014-07-02 06:28:14	INFO	[PID:24317|jobname:Graves_disease]	returncode-code OK: 0
2014-07-02 06:28:14	INFO	[PID:24318|jobname:HDL_cholesterol]	returncode-code OK: 0
2014-07-02 06:28:14	INFO	[PID:24319|jobname:Heart_rate]	returncode-code OK: 0
2014-07-02 06:28:14	INFO	[PID:24320|jobname:Height]	returncode-code OK: 0
2014-07-02 06:28:14	INFO	[PID:24321|jobname:Hematological_and_biochemical_traits]	returncode-code OK: 0
2014-07-02 06:28:14	INFO	[PID:24322|jobname:Hypertension]	returncode-code OK: 0
2014-07-02 06:28:14	INFO	[PID:24323|jobname:Inflammatory_bowel_disease]	returncode-code OK: 0
2014-07-02 06:28:14	INFO	[PID:24324|jobname:LDL_cholesterol]	returncode-code OK: 0
2014-07-02 06:28:14	INFO	[PID:24325|jobname:Lipid_metabolism_phenotypes]	returncode-code OK: 0
2014-07-02 06:28:14	INFO	[PID:24326|jobname:Liver_enzyme_levels_gamma-glutamyl_transferase]	returncode-code OK: 0
2014-07-02 06:28:14	INFO	[PID:24327|jobname:Mean_corpuscular_hemoglobin]	returncode-code OK: 0
2014-07-02 06:28:14	INFO	[PID:24328|jobname:Mean_corpuscular_volume]	returncode-code OK: 0
2014-07-02 06:28:14	INFO	[PID:24329|jobname:Mean_platelet_volume]	returncode-code OK: 0
2014-07-02 06:28:14	INFO	[PID:24330|jobname:Menarche_age_at_onset]	returncode-code OK: 0
2014-07-02 06:28:14	INFO	[PID:24331|jobname:Menopause_age_at_onset]	returncode-code OK: 0
2014-07-02 06:28:14	INFO	[PID:24332|jobname:Metabolic_syndrome]	returncode-code OK: 0
2014-07-02 06:28:14	INFO	[PID:24333|jobname:Metabolic_traits]	returncode-code OK: 0
2014-07-02 06:28:14	INFO	[PID:24334|jobname:Metabolite_levels]	returncode-code OK: 0
2014-07-02 06:28:14	INFO	[PID:24335|jobname:Multiple_sclerosis]	returncode-code OK: 0
2014-07-02 06:28:14	INFO	[PID:24336|jobname:Myopia_pathological]	returncode-code OK: 0
2014-07-02 06:28:14	INFO	[PID:24337|jobname:Obesity]	returncode-code OK: 0
2014-07-02 06:28:14	INFO	[PID:24338|jobname:Parkinsons_disease]	returncode-code OK: 0
2014-07-02 06:28:14	INFO	[PID:24339|jobname:Phospholipid_levels_plasma]	returncode-code OK: 0
2014-07-02 06:28:14	INFO	[PID:24340|jobname:Platelet_counts]	returncode-code OK: 0
2014-07-02 06:28:14	INFO	[PID:24341|jobname:Primary_biliary_cirrhosis]	returncode-code OK: 0
2014-07-02 06:28:14	INFO	[PID:24342|jobname:Prostate_cancer]	returncode-code OK: 0
2014-07-02 06:28:14	INFO	[PID:24343|jobname:Psoriasis]	returncode-code OK: 0
2014-07-02 06:28:14	INFO	[PID:24344|jobname:Pulmonary_function]	returncode-code OK: 0
2014-07-02 06:28:14	INFO	[PID:24345|jobname:QT_interval]	returncode-code OK: 0
2014-07-02 06:28:14	INFO	[PID:24346|jobname:Red_blood_cell_traits]	returncode-code OK: 0
2014-07-02 06:28:14	INFO	[PID:24347|jobname:Refractive_error]	returncode-code OK: 0
2014-07-02 06:28:14	INFO	[PID:24348|jobname:Rheumatoid_arthritis]	returncode-code OK: 0
2014-07-02 06:28:14	INFO	[PID:24349|jobname:Schizophrenia]	returncode-code OK: 0
2014-07-02 06:28:14	INFO	[PID:24350|jobname:Systemic_lupus_erythematosus]	returncode-code OK: 0
2014-07-02 06:28:14	INFO	[PID:24351|jobname:Systolic_blood_pressure]	returncode-code OK: 0
2014-07-02 06:28:14	INFO	[PID:24352|jobname:Triglycerides]	returncode-code OK: 0
2014-07-02 06:28:14	INFO	[PID:24353|jobname:Type_1_diabetes]	returncode-code OK: 0
2014-07-02 06:28:14	INFO	[PID:24354|jobname:Type_2_diabetes]	returncode-code OK: 0
2014-07-02 06:28:14	INFO	[PID:24355|jobname:Ulcerative_colitis]	returncode-code OK: 0
2014-07-02 06:28:14	INFO	[PID:24356|jobname:Urate_levels]	returncode-code OK: 0
2014-07-02 06:28:14	INFO	[PID:24357|jobname:Ventricular_conduction]	returncode-code OK: 0
2014-07-02 06:28:14	INFO	[PID:24358|jobname:Vitiligo]	returncode-code OK: 0
